<?xml version="1.0" encoding="UTF-8"?>
<!-- Generated by org.testng.reporters.JUnitXMLReporter -->
<testsuite hostname="Nirmal-Laptop" ignored="0" name="Smoke Test" tests="5" failures="5" timestamp="2021-05-24T18:47:27 IST" time="43.905" errors="0">
  <testcase name="verifyUserLogin1" time="4.045" classname="com.ms.smoke.LoginPageTest">
    <failure type="java.lang.AssertionError" message="expected [Invalid email or password.1] but found []">
      <![CDATA[java.lang.AssertionError: expected [Invalid email or password.1] but found []
at com.ms.smoke.LoginPageTest.verifyUserLogin1(LoginPageTest.java:42)
at java.util.ArrayList.forEach(Unknown Source)
at java.util.concurrent.FutureTask.run(Unknown Source)
at java.util.concurrent.ThreadPoolExecutor.runWorker(Unknown Source)
at java.util.concurrent.ThreadPoolExecutor$Worker.run(Unknown Source)
at java.lang.Thread.run(Unknown Source)
... Removed 24 stack frames]]>
    </failure>
  </testcase> <!-- verifyUserLogin1 -->
  <testcase name="verifyUserLogin2" time="5.753" classname="com.ms.smoke.LoginPageTest">
    <failure type="java.lang.AssertionError" message="expected [Invalid email or password.] but found []">
      <![CDATA[java.lang.AssertionError: expected [Invalid email or password.] but found []
at com.ms.smoke.LoginPageTest.verifyUserLogin2(LoginPageTest.java:63)
at java.util.ArrayList.forEach(Unknown Source)
at java.util.concurrent.FutureTask.run(Unknown Source)
at java.util.concurrent.ThreadPoolExecutor.runWorker(Unknown Source)
at java.util.concurrent.ThreadPoolExecutor$Worker.run(Unknown Source)
at java.lang.Thread.run(Unknown Source)
... Removed 24 stack frames]]>
    </failure>
  </testcase> <!-- verifyUserLogin2 -->
  <testcase name="verifyUserLogin3" time="3.5" classname="com.ms.smoke.LoginPageTest">
    <failure type="java.lang.AssertionError" message="expected [Invalid email or password.1] but found []">
      <![CDATA[java.lang.AssertionError: expected [Invalid email or password.1] but found []
at com.ms.smoke.LoginPageTest.verifyUserLogin3(LoginPageTest.java:83)
at java.util.ArrayList.forEach(Unknown Source)
at java.util.concurrent.FutureTask.run(Unknown Source)
at java.util.concurrent.ThreadPoolExecutor.runWorker(Unknown Source)
at java.util.concurrent.ThreadPoolExecutor$Worker.run(Unknown Source)
at java.lang.Thread.run(Unknown Source)
... Removed 24 stack frames]]>
    </failure>
  </testcase> <!-- verifyUserLogin3 -->
  <testcase name="verifyUserLogin4" time="4.217" classname="com.ms.smoke.LoginPageTest">
    <failure type="java.lang.AssertionError" message="expected [Invalid email or password.] but found []">
      <![CDATA[java.lang.AssertionError: expected [Invalid email or password.] but found []
at com.ms.smoke.LoginPageTest.verifyUserLogin4(LoginPageTest.java:103)
at java.util.ArrayList.forEach(Unknown Source)
at java.util.concurrent.FutureTask.run(Unknown Source)
at java.util.concurrent.ThreadPoolExecutor.runWorker(Unknown Source)
at java.util.concurrent.ThreadPoolExecutor$Worker.run(Unknown Source)
at java.lang.Thread.run(Unknown Source)
... Removed 24 stack frames]]>
    </failure>
  </testcase> <!-- verifyUserLogin4 -->
  <testcase name="verifyUserLogin5" time="4.574" classname="com.ms.smoke.LoginPageTest">
    <failure type="java.lang.AssertionError" message="expected [Invalid email or password.] but found []">
      <![CDATA[java.lang.AssertionError: expected [Invalid email or password.] but found []
at com.ms.smoke.LoginPageTest.verifyUserLogin5(LoginPageTest.java:123)
at java.util.ArrayList.forEach(Unknown Source)
at java.util.concurrent.FutureTask.run(Unknown Source)
at java.util.concurrent.ThreadPoolExecutor.runWorker(Unknown Source)
at java.util.concurrent.ThreadPoolExecutor$Worker.run(Unknown Source)
at java.lang.Thread.run(Unknown Source)
... Removed 24 stack frames]]>
    </failure>
  </testcase> <!-- verifyUserLogin5 -->
</testsuite> <!-- Smoke Test -->
