<?xml version="1.0" encoding="UTF-8"?>
<!-- Generated by org.testng.reporters.JUnitXMLReporter -->
<testsuite hostname="Nirmal-Laptop" ignored="0" name="Command line test" tests="5" failures="5" timestamp="2021-05-24T15:34:53 IST" time="27.75" errors="0">
  <testcase name="verifyUserLogin1" time="0.487" classname="com.ms.smoke.LoginPageTest">
    <failure type="java.lang.AssertionError" message="expected [Invalid email or password.1] but found []">
      <![CDATA[java.lang.AssertionError: expected [Invalid email or password.1] but found []
at com.ms.smoke.LoginPageTest.verifyUserLogin1(LoginPageTest.java:42)
at java.util.ArrayList.forEach(ArrayList.java:1257)
... Removed 43 stack frames]]>
    </failure>
  </testcase> <!-- verifyUserLogin1 -->
  <testcase name="verifyUserLogin2" time="0.424" classname="com.ms.smoke.LoginPageTest">
    <failure type="java.lang.AssertionError" message="expected [Invalid email or password.] but found []">
      <![CDATA[java.lang.AssertionError: expected [Invalid email or password.] but found []
at com.ms.smoke.LoginPageTest.verifyUserLogin2(LoginPageTest.java:63)
at java.util.ArrayList.forEach(ArrayList.java:1257)
... Removed 43 stack frames]]>
    </failure>
  </testcase> <!-- verifyUserLogin2 -->
  <testcase name="verifyUserLogin3" time="0.398" classname="com.ms.smoke.LoginPageTest">
    <failure type="java.lang.AssertionError" message="expected [Invalid email or password.1] but found []">
      <![CDATA[java.lang.AssertionError: expected [Invalid email or password.1] but found []
at com.ms.smoke.LoginPageTest.verifyUserLogin3(LoginPageTest.java:83)
at java.util.ArrayList.forEach(ArrayList.java:1257)
... Removed 43 stack frames]]>
    </failure>
  </testcase> <!-- verifyUserLogin3 -->
  <testcase name="verifyUserLogin4" time="0.374" classname="com.ms.smoke.LoginPageTest">
    <failure type="java.lang.AssertionError" message="expected [Invalid email or password.] but found []">
      <![CDATA[java.lang.AssertionError: expected [Invalid email or password.] but found []
at com.ms.smoke.LoginPageTest.verifyUserLogin4(LoginPageTest.java:103)
at java.util.ArrayList.forEach(ArrayList.java:1257)
... Removed 43 stack frames]]>
    </failure>
  </testcase> <!-- verifyUserLogin4 -->
  <testcase name="verifyUserLogin5" time="0.42" classname="com.ms.smoke.LoginPageTest">
    <failure type="java.lang.AssertionError" message="expected [Invalid email or password.] but found []">
      <![CDATA[java.lang.AssertionError: expected [Invalid email or password.] but found []
at com.ms.smoke.LoginPageTest.verifyUserLogin5(LoginPageTest.java:123)
at java.util.ArrayList.forEach(ArrayList.java:1257)
... Removed 43 stack frames]]>
    </failure>
  </testcase> <!-- verifyUserLogin5 -->
</testsuite> <!-- Command line test -->
