<?xml version="1.0" encoding="UTF-8" ?>
<testsuite tests="5" failures="5" name="TestSuite" time="2.176" errors="0" skipped="0">
  <properties>
[...]
</properties>
  <testcase classname="com.ms.smoke.LoginPageTest" name="verifyUserLogin1" time="0.557">
    <failure message="expected [Invalid email or password.1] but found []" type="java.lang.AssertionError">java.lang.AssertionError: expected [Invalid email or password.1] but found []
	at org.testng.Assert.fail(Assert.java:99)
	at org.testng.Assert.failNotEquals(Assert.java:1037)
	at org.testng.Assert.assertEqualsImpl(Assert.java:140)
	at org.testng.Assert.assertEquals(Assert.java:122)
	at org.testng.Assert.assertEquals(Assert.java:629)
	at org.testng.Assert.assertEquals(Assert.java:639)
	at com.ms.smoke.LoginPageTest.verifyUserLogin1(LoginPageTest.java:42)
</failure>
    <system-out>Configuring TestNG with: org.apache.maven.surefire.testng.conf.TestNG652Configurator@2be94b0f
</system-out>
    <system-err>Starting ChromeDriver 90.0.4430.24 (4c6d850f087da467d926e8eddb76550aed655991-refs/branch-heads/4430@{#429}) on port 41823
Only local connections are allowed.
Please see https://chromedriver.chromium.org/security-considerations for suggestions on keeping ChromeDriver safe.
ChromeDriver was started successfully.
May 24, 2021 3:34:30 PM org.openqa.selenium.remote.ProtocolHandshake createSession
INFO: Detected dialect: W3C
</system-err>
  </testcase>
  <testcase classname="com.ms.smoke.LoginPageTest" name="verifyUserLogin2" time="0.423">
    <failure message="expected [Invalid email or password.] but found []" type="java.lang.AssertionError">java.lang.AssertionError: expected [Invalid email or password.] but found []
	at org.testng.Assert.fail(Assert.java:99)
	at org.testng.Assert.failNotEquals(Assert.java:1037)
	at org.testng.Assert.assertEqualsImpl(Assert.java:140)
	at org.testng.Assert.assertEquals(Assert.java:122)
	at org.testng.Assert.assertEquals(Assert.java:629)
	at org.testng.Assert.assertEquals(Assert.java:639)
	at com.ms.smoke.LoginPageTest.verifyUserLogin2(LoginPageTest.java:63)
</failure>
    <system-out> Invalid email or password.
</system-out>
  </testcase>
  <testcase classname="com.ms.smoke.LoginPageTest" name="verifyUserLogin3" time="0.399">
    <failure message="expected [Invalid email or password.1] but found []" type="java.lang.AssertionError">java.lang.AssertionError: expected [Invalid email or password.1] but found []
	at org.testng.Assert.fail(Assert.java:99)
	at org.testng.Assert.failNotEquals(Assert.java:1037)
	at org.testng.Assert.assertEqualsImpl(Assert.java:140)
	at org.testng.Assert.assertEquals(Assert.java:122)
	at org.testng.Assert.assertEquals(Assert.java:629)
	at org.testng.Assert.assertEquals(Assert.java:639)
	at com.ms.smoke.LoginPageTest.verifyUserLogin3(LoginPageTest.java:83)
</failure>
  </testcase>
  <testcase classname="com.ms.smoke.LoginPageTest" name="verifyUserLogin4" time="0.375">
    <failure message="expected [Invalid email or password.] but found []" type="java.lang.AssertionError">java.lang.AssertionError: expected [Invalid email or password.] but found []
	at org.testng.Assert.fail(Assert.java:99)
	at org.testng.Assert.failNotEquals(Assert.java:1037)
	at org.testng.Assert.assertEqualsImpl(Assert.java:140)
	at org.testng.Assert.assertEquals(Assert.java:122)
	at org.testng.Assert.assertEquals(Assert.java:629)
	at org.testng.Assert.assertEquals(Assert.java:639)
	at com.ms.smoke.LoginPageTest.verifyUserLogin4(LoginPageTest.java:103)
</failure>
  </testcase>
  <testcase classname="com.ms.smoke.LoginPageTest" name="verifyUserLogin5" time="0.422">
    <failure message="expected [Invalid email or password.] but found []" type="java.lang.AssertionError">java.lang.AssertionError: expected [Invalid email or password.] but found []
	at org.testng.Assert.fail(Assert.java:99)
	at org.testng.Assert.failNotEquals(Assert.java:1037)
	at org.testng.Assert.assertEqualsImpl(Assert.java:140)
	at org.testng.Assert.assertEquals(Assert.java:122)
	at org.testng.Assert.assertEquals(Assert.java:629)
	at org.testng.Assert.assertEquals(Assert.java:639)
	at com.ms.smoke.LoginPageTest.verifyUserLogin5(LoginPageTest.java:123)
</failure>
  </testcase>
</testsuite>